Successfully read in circuit:
	9 PIs.
	11 POs.
	15 Dffs.
	196 total number of gates
	21 levels in the circuit.
vec #0 (total 0 gates/0 PO/0 FF toggled) (0 PO/0 FF toggled)
INPUT: 111110010
OUTPUT: XXXXXXXXXXX
PRESENT STATE: XXXXXXXXXXXXXXX
vec #1 (total 0 gates/0 PO/0 FF toggled) (0 PO/0 FF toggled)
INPUT: 001010000
OUTPUT: 0000XXXX100
PRESENT STATE: 0001111XXXXXXXX
vec #2 (total 2 gates/0 PO/0 FF toggled) (0 PO/1 FF toggled)
INPUT: 000111100
OUTPUT: 00000101100
PRESENT STATE: 001111101010000
vec #3 (total 16 gates/0 PO/1 FF toggled) (4 PO/6 FF toggled)
INPUT: 010111000
OUTPUT: 00001010100
PRESENT STATE: 010111110100000
vec #4 (total 28 gates/3 PO/4 FF toggled) (3 PO/4 FF toggled)
INPUT: 010111000
OUTPUT: 00000100100
PRESENT STATE: 011111111010000
vec #5 (total 46 gates/3 PO/5 FF toggled) (2 PO/5 FF toggled)
INPUT: 100011011
OUTPUT: 00001000100
PRESENT STATE: 100111111100000
vec #6 (total 68 gates/3 PO/6 FF toggled) (1 PO/2 FF toggled)
INPUT: 011001111
OUTPUT: 00000000100
PRESENT STATE: 000111111110000
vec #7 (total 74 gates/3 PO/6 FF toggled) (2 PO/7 FF toggled)
INPUT: 111101101
OUTPUT: 00001100100
PRESENT STATE: 001111111001111
vec #8 (total 101 gates/4 PO/7 FF toggled) (2 PO/3 FF toggled)
INPUT: 010000000
OUTPUT: 00001001100
PRESENT STATE: 000111101101111
vec #9 (total 131 gates/4 PO/11 FF toggled) (1 PO/6 FF toggled)
INPUT: 010100010
OUTPUT: 00001000100
PRESENT STATE: 001111111100000
vec #10 (total 135 gates/4 PO/11 FF toggled) (1 PO/3 FF toggled)
INPUT: 100110010
OUTPUT: 00000000100
PRESENT STATE: 010111111110000
vec #11 (total 135 gates/4 PO/11 FF toggled) (0 PO/1 FF toggled)
INPUT: 110100100
OUTPUT: 00000000100
PRESENT STATE: 000111111110000
vec #12 (total 135 gates/4 PO/11 FF toggled) (2 PO/3 FF toggled)
INPUT: 110100000
OUTPUT: 00001010100
PRESENT STATE: 000111110100010
vec #13 (total 136 gates/4 PO/11 FF toggled) (0 PO/1 FF toggled)
INPUT: 100000101
OUTPUT: 00001010100
PRESENT STATE: 000111110100000
vec #14 (total 137 gates/4 PO/11 FF toggled) (2 PO/4 FF toggled)
INPUT: 111110100
OUTPUT: 00000000100
PRESENT STATE: 000111111111010
vec #15 (total 137 gates/4 PO/11 FF toggled) (4 PO/5 FF toggled)
INPUT: 100010000
OUTPUT: 00001111100
PRESENT STATE: 000111100000010
vec #16 (total 137 gates/4 PO/11 FF toggled) (3 PO/4 FF toggled)
INPUT: 010010000
OUTPUT: 00000001100
PRESENT STATE: 000111101110000
vec #17 (total 137 gates/4 PO/11 FF toggled) (1 PO/2 FF toggled)
INPUT: 111010110
OUTPUT: 00001001100
PRESENT STATE: 001111101100000
vec #18 (total 137 gates/4 PO/11 FF toggled) (3 PO/4 FF toggled)
INPUT: 011111101
OUTPUT: 00000010100
PRESENT STATE: 000111110110000
vec #19 (total 137 gates/4 PO/11 FF toggled) (3 PO/7 FF toggled)
INPUT: 011101001
OUTPUT: 00001111100
PRESENT STATE: 001111100001011
vec #20 (total 139 gates/4 PO/11 FF toggled) (2 PO/4 FF toggled)
INPUT: 011001111
OUTPUT: 10101111100
PRESENT STATE: 010101000001011
vec #21 (total 154 gates/6 PO/13 FF toggled) (4 PO/5 FF toggled)
INPUT: 010101010
OUTPUT: 00011110100
PRESENT STATE: 011011110001011
vec #22 (total 154 gates/6 PO/13 FF toggled) (3 PO/6 FF toggled)
INPUT: 011011001
OUTPUT: 10011101100
PRESENT STATE: 100011001001011
vec #23 (total 155 gates/6 PO/13 FF toggled) (6 PO/6 FF toggled)
INPUT: 011011001
OUTPUT: 01011010110
PRESENT STATE: 101010110101011
vec #24 (total 155 gates/6 PO/13 FF toggled) (0 PO/0 FF toggled)
INPUT: 001011100
OUTPUT: 01011010110
PRESENT STATE: 101010110101011
vec #25 (total 157 gates/6 PO/13 FF toggled) (0 PO/0 FF toggled)
INPUT: 101011110
OUTPUT: 01011010110
PRESENT STATE: 101010110101011
vec #26 (total 182 gates/9 PO/15 FF toggled) (3 PO/4 FF toggled)
INPUT: 110001100
OUTPUT: 00001010100
PRESENT STATE: 000111110101011
vec #27 (total 182 gates/9 PO/15 FF toggled) (1 PO/2 FF toggled)
INPUT: 011101111
OUTPUT: 00001000100
PRESENT STATE: 000111111100011
vec #28 (total 182 gates/9 PO/15 FF toggled) (2 PO/5 FF toggled)
INPUT: 000100100
OUTPUT: 00001110100
PRESENT STATE: 001111110001111
vec #29 (total 182 gates/9 PO/15 FF toggled) (5 PO/7 FF toggled)
INPUT: 001110111
OUTPUT: 11101101100
PRESENT STATE: 010100001001111
vec #30 (total 184 gates/9 PO/15 FF toggled) (5 PO/6 FF toggled)
INPUT: 001011100
OUTPUT: 11011010100
PRESENT STATE: 011010010101111
vec #31 (total 186 gates/9 PO/15 FF toggled) (5 PO/8 FF toggled)
INPUT: 001011100
OUTPUT: 10110100100
PRESENT STATE: 100001011011111
vec #32 (total 186 gates/9 PO/15 FF toggled) (7 PO/7 FF toggled)
INPUT: 001011100
OUTPUT: 01101001110
PRESENT STATE: 101100101101111
vec #33 (total 186 gates/9 PO/15 FF toggled) (0 PO/0 FF toggled)
INPUT: 001011100
OUTPUT: 01101001110
PRESENT STATE: 101100101101111
vec #34 (total 186 gates/9 PO/15 FF toggled) (0 PO/0 FF toggled)
INPUT: 101001101
OUTPUT: 01101001110
PRESENT STATE: 101100101101111
vec #35 (total 188 gates/9 PO/15 FF toggled) (3 PO/4 FF toggled)
INPUT: 001111111
OUTPUT: 00001001100
PRESENT STATE: 000111101101111
vec #36 (total 188 gates/9 PO/15 FF toggled) (3 PO/4 FF toggled)
INPUT: 010000110
OUTPUT: 00000111100
PRESENT STATE: 001111100011111
vec #37 (total 188 gates/9 PO/15 FF toggled) (2 PO/4 FF toggled)
INPUT: 001001100
OUTPUT: 00001110100
PRESENT STATE: 010111110001111
vec #38 (total 188 gates/9 PO/15 FF toggled) (5 PO/6 FF toggled)
INPUT: 000000011
OUTPUT: 11101101100
PRESENT STATE: 011100001001111
vec #39 (total 188 gates/9 PO/15 FF toggled) (5 PO/8 FF toggled)
INPUT: 010001010
OUTPUT: 11011010100
PRESENT STATE: 100010010101111
vec #40 (total 188 gates/9 PO/15 FF toggled) (6 PO/6 FF toggled)
INPUT: 101001101
OUTPUT: 10110100110
PRESENT STATE: 101001011011111
vec #41 (total 190 gates/9 PO/15 FF toggled) (4 PO/5 FF toggled)
INPUT: 001111111
OUTPUT: 00000100100
PRESENT STATE: 000111111011111
vec #42 (total 190 gates/9 PO/15 FF toggled) (2 PO/3 FF toggled)
INPUT: 010000110
OUTPUT: 00000111100
PRESENT STATE: 001111100011111
vec #43 (total 190 gates/9 PO/15 FF toggled) (2 PO/4 FF toggled)
INPUT: 001001100
OUTPUT: 00001110100
PRESENT STATE: 010111110001111
vec #44 (total 190 gates/9 PO/15 FF toggled) (5 PO/6 FF toggled)
INPUT: 000000011
OUTPUT: 11101101100
PRESENT STATE: 011100001001111
vec #45 (total 190 gates/9 PO/15 FF toggled) (5 PO/8 FF toggled)
INPUT: 111110001
OUTPUT: 11011010100
PRESENT STATE: 100010010101111
vec #46 (total 190 gates/9 PO/15 FF toggled) (6 PO/7 FF toggled)
INPUT: 111111001
OUTPUT: 00000100100
PRESENT STATE: 000111111011111
vec #47 (total 190 gates/9 PO/15 FF toggled) (3 PO/5 FF toggled)
INPUT: 111101110
OUTPUT: 00001111100
PRESENT STATE: 000111100001001
vec #48 (total 190 gates/9 PO/15 FF toggled) (1 PO/4 FF toggled)
INPUT: 111110011
OUTPUT: 00001110100
PRESENT STATE: 000111110000111
vec #49 (total 190 gates/9 PO/15 FF toggled) (1 PO/4 FF toggled)
INPUT: 101111001
OUTPUT: 00001111100
PRESENT STATE: 000111100001100
vec #50 (total 190 gates/9 PO/15 FF toggled) (1 PO/3 FF toggled)
INPUT: 001100001
OUTPUT: 00000111100
PRESENT STATE: 000111100011001
vec #51 (total 190 gates/9 PO/15 FF toggled) (1 PO/3 FF toggled)
INPUT: 111011101
OUTPUT: 00000110100
PRESENT STATE: 001111110011000
vec #52 (total 190 gates/9 PO/15 FF toggled) (2 PO/3 FF toggled)
INPUT: 001010010
OUTPUT: 00001100100
PRESENT STATE: 000111111001000
vec #53 (total 190 gates/9 PO/15 FF toggled) (2 PO/5 FF toggled)
INPUT: 001101001
OUTPUT: 00000101100
PRESENT STATE: 001111101010100
vec #54 (total 190 gates/9 PO/15 FF toggled) (4 PO/6 FF toggled)
INPUT: 001011011
OUTPUT: 00001010100
PRESENT STATE: 010111110100100
vec #55 (total 190 gates/9 PO/15 FF toggled) (4 PO/5 FF toggled)
INPUT: 010000001
OUTPUT: 01000100100
PRESENT STATE: 011110111010100
vec #56 (total 190 gates/9 PO/15 FF toggled) (4 PO/7 FF toggled)
INPUT: 010101011
OUTPUT: 10001000100
PRESENT STATE: 100111011100100
vec #57 (total 190 gates/9 PO/15 FF toggled) (5 PO/5 FF toggled)
INPUT: 111100001
OUTPUT: 01000001110
PRESENT STATE: 101110101110100
vec #58 (total 190 gates/9 PO/15 FF toggled) (2 PO/3 FF toggled)
INPUT: 110110111
OUTPUT: 00000001100
PRESENT STATE: 000111101110100
vec #59 (total 190 gates/9 PO/15 FF toggled) (2 PO/4 FF toggled)
INPUT: 101110001
OUTPUT: 00001011100
PRESENT STATE: 000111100101110
vec #60 (total 190 gates/9 PO/15 FF toggled) (2 PO/4 FF toggled)
INPUT: 011100011
OUTPUT: 00000111100
PRESENT STATE: 000111100011000
vec #61 (total 190 gates/9 PO/15 FF toggled) (2 PO/4 FF toggled)
INPUT: 000000110
OUTPUT: 00001110100
PRESENT STATE: 001111110001100
vec #62 (total 190 gates/9 PO/15 FF toggled) (3 PO/5 FF toggled)
INPUT: 010100101
OUTPUT: 01101100100
PRESENT STATE: 010100111001100
vec #63 (total 190 gates/9 PO/15 FF toggled) (5 PO/6 FF toggled)
INPUT: 011010111
OUTPUT: 10011000100
PRESENT STATE: 011011011101100
vec #64 (total 190 gates/9 PO/15 FF toggled) (4 PO/7 FF toggled)
INPUT: 011010011
OUTPUT: 01010001100
PRESENT STATE: 100010101111100
vec #65 (total 190 gates/9 PO/15 FF toggled) (7 PO/7 FF toggled)
INPUT: 010000011
OUTPUT: 10100010110
PRESENT STATE: 101101010111100
vec #66 (total 190 gates/9 PO/15 FF toggled) (0 PO/0 FF toggled)
INPUT: 010100110
OUTPUT: 10100010110
PRESENT STATE: 101101010111100
vec #67 (total 190 gates/9 PO/15 FF toggled) (0 PO/0 FF toggled)
INPUT: 000101101
OUTPUT: 10100010110
PRESENT STATE: 101101010111100
vec #68 (total 190 gates/9 PO/15 FF toggled) (0 PO/0 FF toggled)
INPUT: 110110011
OUTPUT: 10100010110
PRESENT STATE: 101101010111100
vec #69 (total 190 gates/9 PO/15 FF toggled) (3 PO/4 FF toggled)
INPUT: 011100110
OUTPUT: 00000010100
PRESENT STATE: 000111110111100
vec #70 (total 190 gates/9 PO/15 FF toggled) (2 PO/5 FF toggled)
INPUT: 011011011
OUTPUT: 00001110100
PRESENT STATE: 001111110000110
vec #71 (total 190 gates/9 PO/15 FF toggled) (3 PO/5 FF toggled)
INPUT: 000111100
OUTPUT: 11001100100
PRESENT STATE: 010110011000110
vec #72 (total 190 gates/9 PO/15 FF toggled) (5 PO/6 FF toggled)
INPUT: 001001110
OUTPUT: 00101001100
PRESENT STATE: 011101101100110
vec #73 (total 190 gates/9 PO/15 FF toggled) (4 PO/7 FF toggled)
INPUT: 010011010
OUTPUT: 10100010100
PRESENT STATE: 100101010110110
vec #74 (total 190 gates/9 PO/15 FF toggled) (7 PO/7 FF toggled)
INPUT: 101101111
OUTPUT: 01000101110
PRESENT STATE: 101110101010110
vec #75 (total 190 gates/9 PO/15 FF toggled) (2 PO/3 FF toggled)
INPUT: 011101010
OUTPUT: 00000101100
PRESENT STATE: 000111101010110
vec #76 (total 190 gates/9 PO/15 FF toggled) (3 PO/6 FF toggled)
INPUT: 011101011
OUTPUT: 00001110100
PRESENT STATE: 001111110000101
vec #77 (total 190 gates/9 PO/15 FF toggled) (3 PO/5 FF toggled)
INPUT: 011111100
OUTPUT: 01001101100
PRESENT STATE: 010110101000101
vec #78 (total 190 gates/9 PO/15 FF toggled) (3 PO/4 FF toggled)
INPUT: 000101010
OUTPUT: 11001011100
PRESENT STATE: 011110000100101
vec #79 (total 190 gates/9 PO/15 FF toggled) (6 PO/9 FF toggled)
INPUT: 000110000
OUTPUT: 00100110100
PRESENT STATE: 100101110010101
vec #80 (total 190 gates/9 PO/15 FF toggled) (5 PO/5 FF toggled)
INPUT: 111111010
OUTPUT: 01001100110
PRESENT STATE: 101110111000101
vec #81 (total 190 gates/9 PO/15 FF toggled) (2 PO/3 FF toggled)
INPUT: 011111011
OUTPUT: 00001100100
PRESENT STATE: 000111111000101
vec #82 (total 190 gates/9 PO/15 FF toggled) (2 PO/4 FF toggled)
INPUT: 001101010
OUTPUT: 00001111100
PRESENT STATE: 001111100001101
vec #83 (total 190 gates/9 PO/15 FF toggled) (2 PO/4 FF toggled)
INPUT: 011001111
OUTPUT: 01101111100
PRESENT STATE: 010100100001101
vec #84 (total 190 gates/9 PO/15 FF toggled) (4 PO/5 FF toggled)
INPUT: 000110100
OUTPUT: 10011111100
PRESENT STATE: 011011000001101
vec #85 (total 190 gates/9 PO/15 FF toggled) (2 PO/5 FF toggled)
INPUT: 000110000
OUTPUT: 11011110100
PRESENT STATE: 100010010001101
FINAL Next State: 101001111001101
